<?xml version="1.0" encoding="UTF-8"?>
<testsuite xmlns:xsi="http://www.w3.org/2001/XMLSchema-instance" xsi:noNamespaceSchemaLocation="https://maven.apache.org/surefire/maven-surefire-plugin/xsd/surefire-test-report-3.0.xsd" version="3.0" name="com.example.accessories.controller.UploadControllerTest" time="1.735" tests="1" errors="0" skipped="0" failures="0">
  <properties>
[...]
</properties>
  <testcase name="uploadImage_returnsUrl" classname="com.example.accessories.controller.UploadControllerTest" time="0.551">
    <system-out><![CDATA[2026-05-14T22:04:00.076+01:00  INFO 960 --- [           main] t.c.s.AnnotationConfigContextLoaderUtils : Could not detect default configuration classes for test class [com.example.accessories.controller.UploadControllerTest]: UploadControllerTest does not declare any static, non-private, non-final, nested classes annotated with @Configuration.
2026-05-14T22:04:00.080+01:00  INFO 960 --- [           main] .b.t.c.SpringBootTestContextBootstrapper : Found @SpringBootConfiguration com.example.accessories.Application for test class com.example.accessories.controller.UploadControllerTest

  .   ____          _            __ _ _
 /\\ / ___'_ __ _ _(_)_ __  __ _ \ \ \ \
( ( )\___ | '_ | '_| | '_ \/ _` | \ \ \ \
 \\/  ___)| |_)| | | | | || (_| |  ) ) ) )
  '  |____| .__|_| |_|_| |_\__, | / / / /
 =========|_|==============|___/=/_/_/_/
 :: Spring Boot ::                (v3.2.0)

2026-05-14T22:04:00.115+01:00  INFO 960 --- [           main] c.e.a.controller.UploadControllerTest    : Starting UploadControllerTest using Java 17.0.18 with PID 960 (started by dell in C:\Users\dell\Desktop\project\backend)
2026-05-14T22:04:00.116+01:00  INFO 960 --- [           main] c.e.a.controller.UploadControllerTest    : No active profile set, falling back to 1 default profile: "default"
2026-05-14T22:04:00.494+01:00  INFO 960 --- [           main] .s.d.r.c.RepositoryConfigurationDelegate : Multiple Spring Data modules found, entering strict repository configuration mode
2026-05-14T22:04:00.494+01:00  INFO 960 --- [           main] .s.d.r.c.RepositoryConfigurationDelegate : Bootstrapping Spring Data JPA repositories in DEFAULT mode.
2026-05-14T22:04:00.528+01:00  INFO 960 --- [           main] .s.d.r.c.RepositoryConfigurationDelegate : Finished Spring Data repository scanning in 35 ms. Found 6 JPA repository interfaces.
2026-05-14T22:04:00.537+01:00  INFO 960 --- [           main] .s.d.r.c.RepositoryConfigurationDelegate : Multiple Spring Data modules found, entering strict repository configuration mode
2026-05-14T22:04:00.537+01:00  INFO 960 --- [           main] .s.d.r.c.RepositoryConfigurationDelegate : Bootstrapping Spring Data Redis repositories in DEFAULT mode.
2026-05-14T22:04:00.539+01:00  INFO 960 --- [           main] .RepositoryConfigurationExtensionSupport : Spring Data Redis - Could not safely identify store assignment for repository candidate interface com.example.accessories.repository.AccessoryRepository; If you want this repository to be a Redis repository, consider annotating your entities with one of these annotations: org.springframework.data.redis.core.RedisHash (preferred), or consider extending one of the following types with your repository: org.springframework.data.keyvalue.repository.KeyValueRepository
2026-05-14T22:04:00.539+01:00  INFO 960 --- [           main] .RepositoryConfigurationExtensionSupport : Spring Data Redis - Could not safely identify store assignment for repository candidate interface com.example.accessories.repository.BrandRepository; If you want this repository to be a Redis repository, consider annotating your entities with one of these annotations: org.springframework.data.redis.core.RedisHash (preferred), or consider extending one of the following types with your repository: org.springframework.data.keyvalue.repository.KeyValueRepository
2026-05-14T22:04:00.540+01:00  INFO 960 --- [           main] .RepositoryConfigurationExtensionSupport : Spring Data Redis - Could not safely identify store assignment for repository candidate interface com.example.accessories.repository.CategoryRepository; If you want this repository to be a Redis repository, consider annotating your entities with one of these annotations: org.springframework.data.redis.core.RedisHash (preferred), or consider extending one of the following types with your repository: org.springframework.data.keyvalue.repository.KeyValueRepository
2026-05-14T22:04:00.540+01:00  INFO 960 --- [           main] .RepositoryConfigurationExtensionSupport : Spring Data Redis - Could not safely identify store assignment for repository candidate interface com.example.accessories.repository.OrderItemRepository; If you want this repository to be a Redis repository, consider annotating your entities with one of these annotations: org.springframework.data.redis.core.RedisHash (preferred), or consider extending one of the following types with your repository: org.springframework.data.keyvalue.repository.KeyValueRepository
2026-05-14T22:04:00.540+01:00  INFO 960 --- [           main] .RepositoryConfigurationExtensionSupport : Spring Data Redis - Could not safely identify store assignment for repository candidate interface com.example.accessories.repository.OrderRepository; If you want this repository to be a Redis repository, consider annotating your entities with one of these annotations: org.springframework.data.redis.core.RedisHash (preferred), or consider extending one of the following types with your repository: org.springframework.data.keyvalue.repository.KeyValueRepository
2026-05-14T22:04:00.540+01:00  INFO 960 --- [           main] .RepositoryConfigurationExtensionSupport : Spring Data Redis - Could not safely identify store assignment for repository candidate interface com.example.accessories.repository.UserRepository; If you want this repository to be a Redis repository, consider annotating your entities with one of these annotations: org.springframework.data.redis.core.RedisHash (preferred), or consider extending one of the following types with your repository: org.springframework.data.keyvalue.repository.KeyValueRepository
2026-05-14T22:04:00.540+01:00  INFO 960 --- [           main] .s.d.r.c.RepositoryConfigurationDelegate : Finished Spring Data repository scanning in 2 ms. Found 0 Redis repository interfaces.
2026-05-14T22:04:00.629+01:00  INFO 960 --- [           main] o.s.b.w.embedded.tomcat.TomcatWebServer  : Tomcat initialized with port 0 (http)
2026-05-14T22:04:00.630+01:00  INFO 960 --- [           main] o.apache.catalina.core.StandardService   : Starting service [Tomcat]
2026-05-14T22:04:00.630+01:00  INFO 960 --- [           main] o.apache.catalina.core.StandardEngine    : Starting Servlet engine: [Apache Tomcat/10.1.16]
2026-05-14T22:04:00.659+01:00  INFO 960 --- [           main] o.a.c.c.C.[Tomcat-1].[localhost].[/]     : Initializing Spring embedded WebApplicationContext
2026-05-14T22:04:00.659+01:00  INFO 960 --- [           main] w.s.c.ServletWebServerApplicationContext : Root WebApplicationContext: initialization completed in 541 ms
2026-05-14T22:04:00.709+01:00  INFO 960 --- [           main] o.hibernate.jpa.internal.util.LogHelper  : HHH000204: Processing PersistenceUnitInfo [name: default]
2026-05-14T22:04:00.724+01:00  INFO 960 --- [           main] o.h.c.internal.RegionFactoryInitiator    : HHH000026: Second-level cache disabled
2026-05-14T22:04:00.728+01:00  INFO 960 --- [           main] o.s.o.j.p.SpringPersistenceUnitInfo      : No LoadTimeWeaver setup: ignoring JPA class transformer
2026-05-14T22:04:00.728+01:00  INFO 960 --- [           main] com.zaxxer.hikari.HikariDataSource       : HikariPool-3 - Starting...
2026-05-14T22:04:00.733+01:00  INFO 960 --- [           main] com.zaxxer.hikari.pool.HikariPool        : HikariPool-3 - Added connection conn20: url=jdbc:h2:mem:testdb user=SA
2026-05-14T22:04:00.733+01:00  INFO 960 --- [           main] com.zaxxer.hikari.HikariDataSource       : HikariPool-3 - Start completed.
2026-05-14T22:04:00.734+01:00  WARN 960 --- [           main] org.hibernate.orm.deprecation            : HHH90000025: H2Dialect does not need to be specified explicitly using 'hibernate.dialect' (remove the property setting and it will be selected by default)
2026-05-14T22:04:00.876+01:00  INFO 960 --- [           main] o.h.e.t.j.p.i.JtaPlatformInitiator       : HHH000489: No JTA platform available (set 'hibernate.transaction.jta.platform' to enable JTA platform integration)
Hibernate: 
    drop table if exists accessories cascade 
Hibernate: 
    drop table if exists brands cascade 
Hibernate: 
    drop table if exists categories cascade 
Hibernate: 
    drop table if exists order_items cascade 
Hibernate: 
    drop table if exists orders cascade 
Hibernate: 
    drop table if exists users cascade 
Hibernate: 
    create table accessories (
        price numeric(38,2) not null,
        stock_quantity integer not null,
        created_at timestamp(6) with time zone,
        updated_at timestamp(6) with time zone,
        brand_id uuid,
        category_id uuid,
        id uuid not null,
        description varchar(2000),
        accessory_type varchar(255),
        compatibility varchar(255),
        image_url varchar(255),
        name varchar(255) not null,
        primary key (id)
    )
Hibernate: 
    create table brands (
        id uuid not null,
        country varchar(255),
        logo_url varchar(255),
        name varchar(255) not null,
        primary key (id)
    )
Hibernate: 
    create table categories (
        id uuid not null,
        description varchar(1000),
        name varchar(255) not null unique,
        primary key (id)
    )
Hibernate: 
    create table order_items (
        price_snapshot numeric(38,2),
        quantity integer,
        accessory_id uuid,
        id uuid not null,
        order_id uuid,
        primary key (id)
    )
Hibernate: 
    create table orders (
        total_price numeric(38,2),
        created_at timestamp(6) with time zone,
        id uuid not null,
        user_id uuid,
        status varchar(255) check (status in ('PENDING','PROCESSING','SHIPPED','DELIVERED','CANCELLED')),
        primary key (id)
    )
Hibernate: 
    create table users (
        created_at timestamp(6) with time zone,
        id uuid not null,
        email varchar(255) not null unique,
        first_name varchar(255) not null,
        last_name varchar(255) not null,
        password varchar(255) not null,
        phone_number varchar(255),
        role varchar(255) check (role in ('ADMIN','CLIENT')),
        primary key (id)
    )
Hibernate: 
    alter table if exists accessories 
       add constraint FK2dha3aryedqlxgfi8av6qudqh 
       foreign key (brand_id) 
       references brands
Hibernate: 
    alter table if exists accessories 
       add constraint FK4f67xaf6fkgbdfys8jayebh6 
       foreign key (category_id) 
       references categories
Hibernate: 
    alter table if exists order_items 
       add constraint FKkgyr46vrku6e3w173sx4qclj5 
       foreign key (accessory_id) 
       references accessories
Hibernate: 
    alter table if exists order_items 
       add constraint FKbioxgbv59vetrxe0ejfubep1w 
       foreign key (order_id) 
       references orders
Hibernate: 
    alter table if exists orders 
       add constraint FK32ql8ubntj5uh44ph9659tiih 
       foreign key (user_id) 
       references users
2026-05-14T22:04:00.896+01:00  INFO 960 --- [           main] j.LocalContainerEntityManagerFactoryBean : Initialized JPA EntityManagerFactory for persistence unit 'default'
2026-05-14T22:04:01.029+01:00  WARN 960 --- [           main] JpaBaseConfiguration$JpaWebConfiguration : spring.jpa.open-in-view is enabled by default. Therefore, database queries may be performed during view rendering. Explicitly configure spring.jpa.open-in-view to disable this warning
2026-05-14T22:04:01.110+01:00  INFO 960 --- [           main] o.s.s.web.DefaultSecurityFilterChain     : Will secure any request with [org.springframework.security.web.session.DisableEncodeUrlFilter@1f2eb34c, org.springframework.security.web.context.request.async.WebAsyncManagerIntegrationFilter@7ca3fa41, org.springframework.security.web.context.SecurityContextHolderFilter@60274863, org.springframework.security.web.header.HeaderWriterFilter@8a325ca, org.springframework.web.filter.CorsFilter@6fc294ae, org.springframework.security.web.authentication.logout.LogoutFilter@214844cc, com.example.accessories.security.JwtAuthenticationFilter@c7ba58d, org.springframework.security.web.savedrequest.RequestCacheAwareFilter@b4a76f3, org.springframework.security.web.servletapi.SecurityContextHolderAwareRequestFilter@1a568f25, org.springframework.security.web.authentication.AnonymousAuthenticationFilter@5e3d3bfd, org.springframework.security.web.session.SessionManagementFilter@7f53c24c, org.springframework.security.web.access.ExceptionTranslationFilter@52a72430, org.springframework.security.web.access.intercept.AuthorizationFilter@57ecd447]
2026-05-14T22:04:01.238+01:00  INFO 960 --- [           main] o.s.b.w.embedded.tomcat.TomcatWebServer  : Tomcat started on port 52941 (http) with context path ''
2026-05-14T22:04:01.241+01:00  INFO 960 --- [           main] c.e.a.controller.UploadControllerTest    : Started UploadControllerTest in 1.157 seconds (process running for 16.624)
2026-05-14T22:04:01.658+01:00  INFO 960 --- [o-auto-2-exec-1] o.a.c.c.C.[Tomcat-1].[localhost].[/]     : Initializing Spring DispatcherServlet 'dispatcherServlet'
2026-05-14T22:04:01.658+01:00  INFO 960 --- [o-auto-2-exec-1] o.s.web.servlet.DispatcherServlet        : Initializing Servlet 'dispatcherServlet'
2026-05-14T22:04:01.659+01:00  INFO 960 --- [o-auto-2-exec-1] o.s.web.servlet.DispatcherServlet        : Completed initialization in 0 ms
2026-05-14T22:04:01.659+01:00  WARN 960 --- [o-auto-2-exec-1] o.s.w.s.h.HandlerMappingIntrospector     : Cache miss for REQUEST dispatch to '/api/v1/uploads' (previous null). Performing CorsConfiguration lookup. This is logged once only at WARN level, and every time at TRACE.
2026-05-14T22:04:01.659+01:00  WARN 960 --- [o-auto-2-exec-1] o.s.w.s.h.HandlerMappingIntrospector     : Cache miss for REQUEST dispatch to '/api/v1/uploads' (previous null). Performing MatchableHandlerMapping lookup. This is logged once only at WARN level, and every time at TRACE.
]]></system-out>
  </testcase>
</testsuite>